#
# There is insufficient memory for the Java Runtime Environment to continue.
# Native memory allocation (malloc) failed to allocate 1451056 bytes for Chunk::new
# Possible reasons:
#   The system is out of physical RAM or swap space
#   The process is running with CompressedOops enabled, and the Java Heap may be blocking the growth of the native heap
# Possible solutions:
#   Reduce memory load on the system
#   Increase physical memory or swap space
#   Check if swap backing store is full
#   Decrease Java heap size (-Xmx/-Xms)
#   Decrease number of Java threads
#   Decrease Java thread stack sizes (-Xss)
#   Set larger code cache with -XX:ReservedCodeCacheSize=
#   JVM is running with Zero Based Compressed Oops mode in which the Java heap is
#     placed in the first 32GB address space. The Java Heap base address is the
#     maximum limit for the native heap growth. Please use -XX:HeapBaseMinAddress
#     to set the Java Heap base and to place the Java Heap above 32GB virtual address.
# This output file may be truncated or incomplete.
#
#  Out of Memory Error (arena.cpp:168), pid=14536, tid=12876
#
# JRE version: OpenJDK Runtime Environment (21.0.1+12) (build 21.0.1+12-29)
# Java VM: OpenJDK 64-Bit Server VM (21.0.1+12-29, mixed mode, sharing, tiered, compressed oops, compressed class ptrs, g1 gc, windows-amd64)
# No core dump will be written. Minidumps are not enabled by default on client versions of Windows
#

---------------  S U M M A R Y ------------

Command Line: -javaagent:C:\Program Files\JetBrains\IntelliJ IDEA Community Edition 2022.3.3\lib\idea_rt.jar=60776:C:\Program Files\JetBrains\IntelliJ IDEA Community Edition 2022.3.3\bin -Dfile.encoding=UTF-8 -Dsun.stdout.encoding=UTF-8 -Dsun.stderr.encoding=UTF-8 med.voll.api.ApiApplication

Host: Intel(R) Core(TM) i3-6006U CPU @ 2.00GHz, 4 cores, 11G,  Windows 10 , 64 bit Build 19041 (10.0.19041.3636)
Time: Thu Nov 23 20:57:15 2023 Hora oficial do Brasil elapsed time: 6.609532 seconds (0d 0h 0m 6s)

---------------  T H R E A D  ---------------

Current thread (0x0000025feeb67240):  JavaThread "C2 CompilerThread1" daemon [_thread_in_native, id=12876, stack(0x000000b33b400000,0x000000b33b500000) (1024K)]


Current CompileTask:
C2:   6610 2561       4       java.lang.invoke.MethodType::makeImpl (109 bytes)

Stack: [0x000000b33b400000,0x000000b33b500000]
Native frames: (J=compiled Java code, j=interpreted, Vv=VM code, C=native code)
V  [jvm.dll+0x6c9029]
V  [jvm.dll+0x854b81]
V  [jvm.dll+0x856e5e]
V  [jvm.dll+0x857543]
V  [jvm.dll+0x280c06]
V  [jvm.dll+0xc3ead]
V  [jvm.dll+0xc43c3]
V  [jvm.dll+0x3b5732]
V  [jvm.dll+0x382475]
V  [jvm.dll+0x3818ea]
V  [jvm.dll+0x249ad0]
V  [jvm.dll+0x2490b1]
V  [jvm.dll+0x1c9ca1]
V  [jvm.dll+0x2586b9]
V  [jvm.dll+0x256c9a]
V  [jvm.dll+0x3ef1b6]
V  [jvm.dll+0x7fd728]
V  [jvm.dll+0x6c777d]
C  [ucrtbase.dll+0x21bb2]
C  [KERNEL32.DLL+0x17344]
C  [ntdll.dll+0x526b1]


---------------  P R O C E S S  ---------------

Threads class SMR info:
_java_thread_list=0x0000025feef95920, length=15, elements={
0x0000025f8b56ecb0, 0x0000025fa89de8c0, 0x0000025fa89e1850, 0x0000025fa89e2660,
0x0000025fa89e50d0, 0x0000025fa89e5b30, 0x0000025fa89e6590, 0x0000025fa89e7320,
0x0000025fa89eade0, 0x0000025fa89abb20, 0x0000025fa8f9d680, 0x0000025fee0d7570,
0x0000025fee609240, 0x0000025fee55ca30, 0x0000025feeb67240
}

Java Threads: ( => current thread )
  0x0000025f8b56ecb0 JavaThread "main"                              [_thread_blocked, id=6888, stack(0x000000b339c00000,0x000000b339d00000) (1024K)]
  0x0000025fa89de8c0 JavaThread "Reference Handler"          daemon [_thread_blocked, id=17784, stack(0x000000b33a400000,0x000000b33a500000) (1024K)]
  0x0000025fa89e1850 JavaThread "Finalizer"                  daemon [_thread_blocked, id=11732, stack(0x000000b33a500000,0x000000b33a600000) (1024K)]
  0x0000025fa89e2660 JavaThread "Signal Dispatcher"          daemon [_thread_blocked, id=11384, stack(0x000000b33a600000,0x000000b33a700000) (1024K)]
  0x0000025fa89e50d0 JavaThread "Attach Listener"            daemon [_thread_blocked, id=14652, stack(0x000000b33a700000,0x000000b33a800000) (1024K)]
  0x0000025fa89e5b30 JavaThread "Service Thread"             daemon [_thread_blocked, id=14468, stack(0x000000b33a800000,0x000000b33a900000) (1024K)]
  0x0000025fa89e6590 JavaThread "Monitor Deflation Thread"   daemon [_thread_blocked, id=10412, stack(0x000000b33a900000,0x000000b33aa00000) (1024K)]
  0x0000025fa89e7320 JavaThread "C2 CompilerThread0"         daemon [_thread_in_native, id=10420, stack(0x000000b33aa00000,0x000000b33ab00000) (1024K)]
  0x0000025fa89eade0 JavaThread "C1 CompilerThread0"         daemon [_thread_in_native, id=11416, stack(0x000000b33ab00000,0x000000b33ac00000) (1024K)]
  0x0000025fa89abb20 JavaThread "Common-Cleaner"             daemon [_thread_blocked, id=13840, stack(0x000000b33ac00000,0x000000b33ad00000) (1024K)]
  0x0000025fa8f9d680 JavaThread "Monitor Ctrl-Break"         daemon [_thread_in_native, id=11228, stack(0x000000b33ad00000,0x000000b33ae00000) (1024K)]
  0x0000025fee0d7570 JavaThread "Notification Thread"        daemon [_thread_blocked, id=12832, stack(0x000000b33ae00000,0x000000b33af00000) (1024K)]
  0x0000025fee609240 JavaThread "Thread-0"                          [_thread_blocked, id=12016, stack(0x000000b33b200000,0x000000b33b300000) (1024K)]
  0x0000025fee55ca30 JavaThread "restartedMain"                     [_thread_in_native, id=16380, stack(0x000000b33b300000,0x000000b33b400000) (1024K)]
=>0x0000025feeb67240 JavaThread "C2 CompilerThread1"         daemon [_thread_in_native, id=12876, stack(0x000000b33b400000,0x000000b33b500000) (1024K)]
Total: 15

Other Threads:
  0x0000025fa89bf8d0 VMThread "VM Thread"                           [id=11400, stack(0x000000b33a300000,0x000000b33a400000) (1024K)]
  0x0000025fa89aa7f0 WatcherThread "VM Periodic Task Thread"        [id=18896, stack(0x000000b33a200000,0x000000b33a300000) (1024K)]
  0x0000025f8b5c3640 WorkerThread "GC Thread#0"                     [id=14108, stack(0x000000b339d00000,0x000000b339e00000) (1024K)]
  0x0000025fee278990 WorkerThread "GC Thread#1"                     [id=14928, stack(0x000000b33af00000,0x000000b33b000000) (1024K)]
  0x0000025fee278d30 WorkerThread "GC Thread#2"                     [id=17492, stack(0x000000b33b000000,0x000000b33b100000) (1024K)]
  0x0000025fee2790d0 WorkerThread "GC Thread#3"                     [id=8728, stack(0x000000b33b100000,0x000000b33b200000) (1024K)]
  0x0000025f8b5d1350 ConcurrentGCThread "G1 Main Marker"            [id=3384, stack(0x000000b339e00000,0x000000b339f00000) (1024K)]
  0x0000025f8b5d1d60 WorkerThread "G1 Conc#0"                       [id=15592, stack(0x000000b339f00000,0x000000b33a000000) (1024K)]
  0x0000025f8b63d3d0 ConcurrentGCThread "G1 Refine#0"               [id=15948, stack(0x000000b33a000000,0x000000b33a100000) (1024K)]
  0x0000025f8b63de50 ConcurrentGCThread "G1 Service"                [id=1372, stack(0x000000b33a100000,0x000000b33a200000) (1024K)]
Total: 10

Threads with active compile tasks:
C2 CompilerThread0     6926 2562       4       java.lang.invoke.MethodType::methodType (69 bytes)
C2 CompilerThread1     6927 2561       4       java.lang.invoke.MethodType::makeImpl (109 bytes)
Total: 2

VM state: not at safepoint (normal execution)

VM Mutex/Monitor currently owned by a thread: None

Heap address: 0x0000000741e00000, size: 3042 MB, Compressed Oops mode: Zero based, Oop shift amount: 3

CDS archive(s) mapped at: [0x0000025fa9000000-0x0000025fa9c90000-0x0000025fa9c90000), size 13172736, SharedBaseAddress: 0x0000025fa9000000, ArchiveRelocationMode: 1.
Compressed class space mapped at: 0x0000025faa000000-0x0000025fea000000, reserved size: 1073741824
Narrow klass base: 0x0000025fa9000000, Narrow klass shift: 0, Narrow klass range: 0x100000000

GC Precious Log:
 CardTable entry size: 512
 Card Set container configuration: InlinePtr #cards 4 size 8 Array Of Cards #cards 16 size 48 Howl #buckets 8 coarsen threshold 3686 Howl Bitmap #cards 512 size 80 coarsen threshold 460 Card regions per heap region 1 cards per card region 4096
 CPUs: 4 total, 4 available
 Memory: 12163M
 Large Page Support: Disabled
 NUMA Support: Disabled
 Compressed Oops: Enabled (Zero based)
 Heap Region Size: 2M
 Heap Min Capacity: 8M
 Heap Initial Capacity: 192M
 Heap Max Capacity: 3042M
 Pre-touch: Disabled
 Parallel Workers: 4
 Concurrent Workers: 1
 Concurrent Refinement Workers: 4
 Periodic GC: Disabled

Heap:
 garbage-first heap   total 196608K, used 41620K [0x0000000741e00000, 0x0000000800000000)
  region size 2048K, 20 young (40960K), 2 survivors (4096K)
 Metaspace       used 20788K, committed 21056K, reserved 1114112K
  class space    used 2577K, committed 2688K, reserved 1048576K

Heap Regions: E=young(eden), S=young(survivor), O=old, HS=humongous(starts), HC=humongous(continues), CS=collection set, F=free, TAMS=top-at-mark-start, PB=parsable bottom
|   0|0x0000000741e00000, 0x0000000742000000, 0x0000000742000000|100%| O|  |TAMS 0x0000000741e00000| PB 0x0000000741e00000| Untracked 
|   1|0x0000000742000000, 0x0000000742200000, 0x0000000742200000|100%| O|  |TAMS 0x0000000742000000| PB 0x0000000742000000| Untracked 
|   2|0x0000000742200000, 0x000000074238f218, 0x0000000742400000| 77%| O|  |TAMS 0x0000000742200000| PB 0x0000000742200000| Untracked 
|   3|0x0000000742400000, 0x0000000742400000, 0x0000000742600000|  0%| F|  |TAMS 0x0000000742400000| PB 0x0000000742400000| Untracked 
|   4|0x0000000742600000, 0x0000000742600000, 0x0000000742800000|  0%| F|  |TAMS 0x0000000742600000| PB 0x0000000742600000| Untracked 
|   5|0x0000000742800000, 0x0000000742800000, 0x0000000742a00000|  0%| F|  |TAMS 0x0000000742800000| PB 0x0000000742800000| Untracked 
|   6|0x0000000742a00000, 0x0000000742a00000, 0x0000000742c00000|  0%| F|  |TAMS 0x0000000742a00000| PB 0x0000000742a00000| Untracked 
|   7|0x0000000742c00000, 0x0000000742c00000, 0x0000000742e00000|  0%| F|  |TAMS 0x0000000742c00000| PB 0x0000000742c00000| Untracked 
|   8|0x0000000742e00000, 0x0000000742e00000, 0x0000000743000000|  0%| F|  |TAMS 0x0000000742e00000| PB 0x0000000742e00000| Untracked 
|   9|0x0000000743000000, 0x0000000743000000, 0x0000000743200000|  0%| F|  |TAMS 0x0000000743000000| PB 0x0000000743000000| Untracked 
|  10|0x0000000743200000, 0x0000000743200000, 0x0000000743400000|  0%| F|  |TAMS 0x0000000743200000| PB 0x0000000743200000| Untracked 
|  11|0x0000000743400000, 0x0000000743400000, 0x0000000743600000|  0%| F|  |TAMS 0x0000000743400000| PB 0x0000000743400000| Untracked 
|  12|0x0000000743600000, 0x0000000743600000, 0x0000000743800000|  0%| F|  |TAMS 0x0000000743600000| PB 0x0000000743600000| Untracked 
|  13|0x0000000743800000, 0x0000000743800000, 0x0000000743a00000|  0%| F|  |TAMS 0x0000000743800000| PB 0x0000000743800000| Untracked 
|  14|0x0000000743a00000, 0x0000000743a00000, 0x0000000743c00000|  0%| F|  |TAMS 0x0000000743a00000| PB 0x0000000743a00000| Untracked 
|  15|0x0000000743c00000, 0x0000000743c00000, 0x0000000743e00000|  0%| F|  |TAMS 0x0000000743c00000| PB 0x0000000743c00000| Untracked 
|  16|0x0000000743e00000, 0x0000000743e00000, 0x0000000744000000|  0%| F|  |TAMS 0x0000000743e00000| PB 0x0000000743e00000| Untracked 
|  17|0x0000000744000000, 0x0000000744000000, 0x0000000744200000|  0%| F|  |TAMS 0x0000000744000000| PB 0x0000000744000000| Untracked 
|  18|0x0000000744200000, 0x0000000744200000, 0x0000000744400000|  0%| F|  |TAMS 0x0000000744200000| PB 0x0000000744200000| Untracked 
|  19|0x0000000744400000, 0x0000000744400000, 0x0000000744600000|  0%| F|  |TAMS 0x0000000744400000| PB 0x0000000744400000| Untracked 
|  20|0x0000000744600000, 0x0000000744600000, 0x0000000744800000|  0%| F|  |TAMS 0x0000000744600000| PB 0x0000000744600000| Untracked 
|  21|0x0000000744800000, 0x0000000744800000, 0x0000000744a00000|  0%| F|  |TAMS 0x0000000744800000| PB 0x0000000744800000| Untracked 
|  22|0x0000000744a00000, 0x0000000744a00000, 0x0000000744c00000|  0%| F|  |TAMS 0x0000000744a00000| PB 0x0000000744a00000| Untracked 
|  23|0x0000000744c00000, 0x0000000744c00000, 0x0000000744e00000|  0%| F|  |TAMS 0x0000000744c00000| PB 0x0000000744c00000| Untracked 
|  24|0x0000000744e00000, 0x0000000744e00000, 0x0000000745000000|  0%| F|  |TAMS 0x0000000744e00000| PB 0x0000000744e00000| Untracked 
|  25|0x0000000745000000, 0x0000000745000000, 0x0000000745200000|  0%| F|  |TAMS 0x0000000745000000| PB 0x0000000745000000| Untracked 
|  26|0x0000000745200000, 0x0000000745200000, 0x0000000745400000|  0%| F|  |TAMS 0x0000000745200000| PB 0x0000000745200000| Untracked 
|  27|0x0000000745400000, 0x0000000745400000, 0x0000000745600000|  0%| F|  |TAMS 0x0000000745400000| PB 0x0000000745400000| Untracked 
|  28|0x0000000745600000, 0x0000000745600000, 0x0000000745800000|  0%| F|  |TAMS 0x0000000745600000| PB 0x0000000745600000| Untracked 
|  29|0x0000000745800000, 0x0000000745800000, 0x0000000745a00000|  0%| F|  |TAMS 0x0000000745800000| PB 0x0000000745800000| Untracked 
|  30|0x0000000745a00000, 0x0000000745a00000, 0x0000000745c00000|  0%| F|  |TAMS 0x0000000745a00000| PB 0x0000000745a00000| Untracked 
|  31|0x0000000745c00000, 0x0000000745c00000, 0x0000000745e00000|  0%| F|  |TAMS 0x0000000745c00000| PB 0x0000000745c00000| Untracked 
|  32|0x0000000745e00000, 0x0000000745e00000, 0x0000000746000000|  0%| F|  |TAMS 0x0000000745e00000| PB 0x0000000745e00000| Untracked 
|  33|0x0000000746000000, 0x0000000746000000, 0x0000000746200000|  0%| F|  |TAMS 0x0000000746000000| PB 0x0000000746000000| Untracked 
|  34|0x0000000746200000, 0x0000000746200000, 0x0000000746400000|  0%| F|  |TAMS 0x0000000746200000| PB 0x0000000746200000| Untracked 
|  35|0x0000000746400000, 0x0000000746400000, 0x0000000746600000|  0%| F|  |TAMS 0x0000000746400000| PB 0x0000000746400000| Untracked 
|  36|0x0000000746600000, 0x0000000746600000, 0x0000000746800000|  0%| F|  |TAMS 0x0000000746600000| PB 0x0000000746600000| Untracked 
|  37|0x0000000746800000, 0x0000000746800000, 0x0000000746a00000|  0%| F|  |TAMS 0x0000000746800000| PB 0x0000000746800000| Untracked 
|  38|0x0000000746a00000, 0x0000000746a00000, 0x0000000746c00000|  0%| F|  |TAMS 0x0000000746a00000| PB 0x0000000746a00000| Untracked 
|  39|0x0000000746c00000, 0x0000000746c00000, 0x0000000746e00000|  0%| F|  |TAMS 0x0000000746c00000| PB 0x0000000746c00000| Untracked 
|  40|0x0000000746e00000, 0x0000000746e00000, 0x0000000747000000|  0%| F|  |TAMS 0x0000000746e00000| PB 0x0000000746e00000| Untracked 
|  41|0x0000000747000000, 0x0000000747000000, 0x0000000747200000|  0%| F|  |TAMS 0x0000000747000000| PB 0x0000000747000000| Untracked 
|  42|0x0000000747200000, 0x0000000747200000, 0x0000000747400000|  0%| F|  |TAMS 0x0000000747200000| PB 0x0000000747200000| Untracked 
|  43|0x0000000747400000, 0x0000000747400000, 0x0000000747600000|  0%| F|  |TAMS 0x0000000747400000| PB 0x0000000747400000| Untracked 
|  44|0x0000000747600000, 0x0000000747600000, 0x0000000747800000|  0%| F|  |TAMS 0x0000000747600000| PB 0x0000000747600000| Untracked 
|  45|0x0000000747800000, 0x0000000747800000, 0x0000000747a00000|  0%| F|  |TAMS 0x0000000747800000| PB 0x0000000747800000| Untracked 
|  46|0x0000000747a00000, 0x0000000747a00000, 0x0000000747c00000|  0%| F|  |TAMS 0x0000000747a00000| PB 0x0000000747a00000| Untracked 
|  47|0x0000000747c00000, 0x0000000747c00000, 0x0000000747e00000|  0%| F|  |TAMS 0x0000000747c00000| PB 0x0000000747c00000| Untracked 
|  48|0x0000000747e00000, 0x0000000747e00000, 0x0000000748000000|  0%| F|  |TAMS 0x0000000747e00000| PB 0x0000000747e00000| Untracked 
|  49|0x0000000748000000, 0x0000000748000000, 0x0000000748200000|  0%| F|  |TAMS 0x0000000748000000| PB 0x0000000748000000| Untracked 
|  50|0x0000000748200000, 0x0000000748200000, 0x0000000748400000|  0%| F|  |TAMS 0x0000000748200000| PB 0x0000000748200000| Untracked 
|  51|0x0000000748400000, 0x0000000748400000, 0x0000000748600000|  0%| F|  |TAMS 0x0000000748400000| PB 0x0000000748400000| Untracked 
|  52|0x0000000748600000, 0x0000000748600000, 0x0000000748800000|  0%| F|  |TAMS 0x0000000748600000| PB 0x0000000748600000| Untracked 
|  53|0x0000000748800000, 0x0000000748800000, 0x0000000748a00000|  0%| F|  |TAMS 0x0000000748800000| PB 0x0000000748800000| Untracked 
|  54|0x0000000748a00000, 0x0000000748a00000, 0x0000000748c00000|  0%| F|  |TAMS 0x0000000748a00000| PB 0x0000000748a00000| Untracked 
|  55|0x0000000748c00000, 0x0000000748c00000, 0x0000000748e00000|  0%| F|  |TAMS 0x0000000748c00000| PB 0x0000000748c00000| Untracked 
|  56|0x0000000748e00000, 0x0000000748e00000, 0x0000000749000000|  0%| F|  |TAMS 0x0000000748e00000| PB 0x0000000748e00000| Untracked 
|  57|0x0000000749000000, 0x0000000749000000, 0x0000000749200000|  0%| F|  |TAMS 0x0000000749000000| PB 0x0000000749000000| Untracked 
|  58|0x0000000749200000, 0x0000000749200000, 0x0000000749400000|  0%| F|  |TAMS 0x0000000749200000| PB 0x0000000749200000| Untracked 
|  59|0x0000000749400000, 0x0000000749400000, 0x0000000749600000|  0%| F|  |TAMS 0x0000000749400000| PB 0x0000000749400000| Untracked 
|  60|0x0000000749600000, 0x0000000749600000, 0x0000000749800000|  0%| F|  |TAMS 0x0000000749600000| PB 0x0000000749600000| Untracked 
|  61|0x0000000749800000, 0x0000000749800000, 0x0000000749a00000|  0%| F|  |TAMS 0x0000000749800000| PB 0x0000000749800000| Untracked 
|  62|0x0000000749a00000, 0x0000000749a00000, 0x0000000749c00000|  0%| F|  |TAMS 0x0000000749a00000| PB 0x0000000749a00000| Untracked 
|  63|0x0000000749c00000, 0x0000000749c00000, 0x0000000749e00000|  0%| F|  |TAMS 0x0000000749c00000| PB 0x0000000749c00000| Untracked 
|  64|0x0000000749e00000, 0x0000000749e00000, 0x000000074a000000|  0%| F|  |TAMS 0x0000000749e00000| PB 0x0000000749e00000| Untracked 
|  65|0x000000074a000000, 0x000000074a000000, 0x000000074a200000|  0%| F|  |TAMS 0x000000074a000000| PB 0x000000074a000000| Untracked 
|  66|0x000000074a200000, 0x000000074a200000, 0x000000074a400000|  0%| F|  |TAMS 0x000000074a200000| PB 0x000000074a200000| Untracked 
|  67|0x000000074a400000, 0x000000074a400000, 0x000000074a600000|  0%| F|  |TAMS 0x000000074a400000| PB 0x000000074a400000| Untracked 
|  68|0x000000074a600000, 0x000000074a600000, 0x000000074a800000|  0%| F|  |TAMS 0x000000074a600000| PB 0x000000074a600000| Untracked 
|  69|0x000000074a800000, 0x000000074a800000, 0x000000074aa00000|  0%| F|  |TAMS 0x000000074a800000| PB 0x000000074a800000| Untracked 
|  70|0x000000074aa00000, 0x000000074aa00000, 0x000000074ac00000|  0%| F|  |TAMS 0x000000074aa00000| PB 0x000000074aa00000| Untracked 
|  71|0x000000074ac00000, 0x000000074ac00000, 0x000000074ae00000|  0%| F|  |TAMS 0x000000074ac00000| PB 0x000000074ac00000| Untracked 
|  72|0x000000074ae00000, 0x000000074ae00000, 0x000000074b000000|  0%| F|  |TAMS 0x000000074ae00000| PB 0x000000074ae00000| Untracked 
|  73|0x000000074b000000, 0x000000074b000000, 0x000000074b200000|  0%| F|  |TAMS 0x000000074b000000| PB 0x000000074b000000| Untracked 
|  74|0x000000074b200000, 0x000000074b200000, 0x000000074b400000|  0%| F|  |TAMS 0x000000074b200000| PB 0x000000074b200000| Untracked 
|  75|0x000000074b400000, 0x000000074b400000, 0x000000074b600000|  0%| F|  |TAMS 0x000000074b400000| PB 0x000000074b400000| Untracked 
|  76|0x000000074b600000, 0x000000074b79af20, 0x000000074b800000| 80%| E|  |TAMS 0x000000074b600000| PB 0x000000074b600000| Complete 
|  77|0x000000074b800000, 0x000000074b915e70, 0x000000074ba00000| 54%| S|CS|TAMS 0x000000074b800000| PB 0x000000074b800000| Complete 
|  78|0x000000074ba00000, 0x000000074bc00000, 0x000000074bc00000|100%| S|CS|TAMS 0x000000074ba00000| PB 0x000000074ba00000| Complete 
|  79|0x000000074bc00000, 0x000000074be00000, 0x000000074be00000|100%| E|CS|TAMS 0x000000074bc00000| PB 0x000000074bc00000| Complete 
|  80|0x000000074be00000, 0x000000074c000000, 0x000000074c000000|100%| E|CS|TAMS 0x000000074be00000| PB 0x000000074be00000| Complete 
|  81|0x000000074c000000, 0x000000074c200000, 0x000000074c200000|100%| E|CS|TAMS 0x000000074c000000| PB 0x000000074c000000| Complete 
|  82|0x000000074c200000, 0x000000074c400000, 0x000000074c400000|100%| E|CS|TAMS 0x000000074c200000| PB 0x000000074c200000| Complete 
|  83|0x000000074c400000, 0x000000074c600000, 0x000000074c600000|100%| E|CS|TAMS 0x000000074c400000| PB 0x000000074c400000| Complete 
|  84|0x000000074c600000, 0x000000074c800000, 0x000000074c800000|100%| E|CS|TAMS 0x000000074c600000| PB 0x000000074c600000| Complete 
|  85|0x000000074c800000, 0x000000074ca00000, 0x000000074ca00000|100%| E|CS|TAMS 0x000000074c800000| PB 0x000000074c800000| Complete 
|  86|0x000000074ca00000, 0x000000074cc00000, 0x000000074cc00000|100%| E|CS|TAMS 0x000000074ca00000| PB 0x000000074ca00000| Complete 
|  87|0x000000074cc00000, 0x000000074ce00000, 0x000000074ce00000|100%| E|CS|TAMS 0x000000074cc00000| PB 0x000000074cc00000| Complete 
|  88|0x000000074ce00000, 0x000000074d000000, 0x000000074d000000|100%| E|CS|TAMS 0x000000074ce00000| PB 0x000000074ce00000| Complete 
|  89|0x000000074d000000, 0x000000074d200000, 0x000000074d200000|100%| E|CS|TAMS 0x000000074d000000| PB 0x000000074d000000| Complete 
|  90|0x000000074d200000, 0x000000074d400000, 0x000000074d400000|100%| E|CS|TAMS 0x000000074d200000| PB 0x000000074d200000| Complete 
|  91|0x000000074d400000, 0x000000074d600000, 0x000000074d600000|100%| E|CS|TAMS 0x000000074d400000| PB 0x000000074d400000| Complete 
|  92|0x000000074d600000, 0x000000074d800000, 0x000000074d800000|100%| E|CS|TAMS 0x000000074d600000| PB 0x000000074d600000| Complete 
|  93|0x000000074d800000, 0x000000074da00000, 0x000000074da00000|100%| E|CS|TAMS 0x000000074d800000| PB 0x000000074d800000| Complete 
|  94|0x000000074da00000, 0x000000074dc00000, 0x000000074dc00000|100%| E|CS|TAMS 0x000000074da00000| PB 0x000000074da00000| Complete 
|  95|0x000000074dc00000, 0x000000074de00000, 0x000000074de00000|100%| E|  |TAMS 0x000000074dc00000| PB 0x000000074dc00000| Complete 

Card table byte_map: [0x0000025fa2fc0000,0x0000025fa35c0000] _byte_map_base: 0x0000025f9f5b1000

Marking Bits: (CMBitMap*) 0x0000025f8b5c4c60
 Bits: [0x0000025fa35c0000, 0x0000025fa6548000)

Polling page: 0x0000025f8ad40000

Metaspace:

Usage:
  Non-class:     17.81 MB used.
      Class:      2.52 MB used.
       Both:     20.33 MB used.

Virtual space:
  Non-class space:       64.00 MB reserved,      18.00 MB ( 28%) committed,  1 nodes.
      Class space:        1.00 GB reserved,       2.62 MB ( <1%) committed,  1 nodes.
             Both:        1.06 GB reserved,      20.62 MB (  2%) committed. 

Chunk freelists:
   Non-Class:  13.36 MB
       Class:  13.38 MB
        Both:  26.73 MB

MaxMetaspaceSize: unlimited
CompressedClassSpaceSize: 1.00 GB
Initial GC threshold: 21.00 MB
Current GC threshold: 21.00 MB
CDS: on
 - commit_granule_bytes: 65536.
 - commit_granule_words: 8192.
 - virtual_space_node_default_size: 8388608.
 - enlarge_chunks_in_place: 1.
 - use_allocation_guard: 0.


Internal statistics:

num_allocs_failed_limit: 0.
num_arena_births: 304.
num_arena_deaths: 0.
num_vsnodes_births: 2.
num_vsnodes_deaths: 0.
num_space_committed: 330.
num_space_uncommitted: 0.
num_chunks_returned_to_freelist: 0.
num_chunks_taken_from_freelist: 1007.
num_chunk_merges: 0.
num_chunk_splits: 681.
num_chunks_enlarged: 502.
num_inconsistent_stats: 0.

CodeHeap 'non-profiled nmethods': size=120000Kb used=1101Kb max_used=1101Kb free=118898Kb
 bounds [0x0000025f9b490000, 0x0000025f9b700000, 0x0000025fa29c0000]
CodeHeap 'profiled nmethods': size=120000Kb used=5623Kb max_used=5623Kb free=114376Kb
 bounds [0x0000025f939c0000, 0x0000025f93f40000, 0x0000025f9aef0000]
CodeHeap 'non-nmethods': size=5760Kb used=1438Kb max_used=1501Kb free=4321Kb
 bounds [0x0000025f9aef0000, 0x0000025f9b160000, 0x0000025f9b490000]
 total_blobs=3295 nmethods=2771 adapters=428
 compilation: enabled
              stopped_count=0, restarted_count=0
 full_count=0

Compilation events (20 events):
Event: 6.540 Thread 0x0000025fa89eade0 2614       3       org.springframework.core.convert.converter.GenericConverter$ConvertiblePair::<init> (27 bytes)
Event: 6.541 Thread 0x0000025fa89eade0 nmethod 2614 0x0000025f93ebdc10 code [0x0000025f93ebde00, 0x0000025f93ebe308]
Event: 6.542 Thread 0x0000025fa89eade0 2615       3       org.springframework.core.annotation.TypeMappedAnnotation::createIfPossible (58 bytes)
Event: 6.542 Thread 0x0000025fa89eade0 nmethod 2615 0x0000025f93ebe510 code [0x0000025f93ebe720, 0x0000025f93ebeda8]
Event: 6.546 Thread 0x0000025fa89eade0 2616       3       sun.net.www.protocol.file.Handler::openConnection (7 bytes)
Event: 6.546 Thread 0x0000025fa89eade0 nmethod 2616 0x0000025f93ebef90 code [0x0000025f93ebf140, 0x0000025f93ebf2a0]
Event: 6.547 Thread 0x0000025fa89eade0 2617       3       sun.net.www.protocol.file.Handler::createFileURLConnection (10 bytes)
Event: 6.547 Thread 0x0000025fa89eade0 nmethod 2617 0x0000025f93ebf390 code [0x0000025f93ebf540, 0x0000025f93ebf6f8]
Event: 6.547 Thread 0x0000025fa89eade0 2618       3       sun.net.www.protocol.file.FileURLConnection::<init> (38 bytes)
Event: 6.548 Thread 0x0000025fa89eade0 nmethod 2618 0x0000025f93ebf810 code [0x0000025f93ebf9e0, 0x0000025f93ebfdf8]
Event: 6.548 Thread 0x0000025fa89eade0 2619       3       sun.net.www.MessageHeader::<init> (9 bytes)
Event: 6.548 Thread 0x0000025fa89eade0 nmethod 2619 0x0000025f93ebff90 code [0x0000025f93ec0140, 0x0000025f93ec02d8]
Event: 6.552 Thread 0x0000025fa89eade0 2620       3       org.springframework.core.annotation.TypeMappedAnnotation::of (36 bytes)
Event: 6.554 Thread 0x0000025fa89eade0 nmethod 2620 0x0000025f93ec0390 code [0x0000025f93ec05e0, 0x0000025f93ec0e10]
Event: 6.565 Thread 0x0000025fa89eade0 2622       3       java.lang.reflect.Proxy::getInvocationHandler (69 bytes)
Event: 6.567 Thread 0x0000025fa89eade0 nmethod 2622 0x0000025f93ec1190 code [0x0000025f93ec1480, 0x0000025f93ec27b8]
Event: 6.569 Thread 0x0000025fa89eade0 2623       3       sun.net.www.protocol.jar.JarFileFactory::urlFor (79 bytes)
Event: 6.570 Thread 0x0000025fa89eade0 nmethod 2623 0x0000025f93ec2e10 code [0x0000025f93ec30a0, 0x0000025f93ec39f0]
Event: 6.596 Thread 0x0000025fa89eade0 2624       1       java.util.stream.Collectors$CollectorImpl::finisher (5 bytes)
Event: 6.596 Thread 0x0000025fa89eade0 nmethod 2624 0x0000025f9b5a1790 code [0x0000025f9b5a1920, 0x0000025f9b5a19f0]

GC Heap History (6 events):
Event: 2.479 GC heap before
{Heap before GC invocations=0 (full 0):
 garbage-first heap   total 196608K, used 10240K [0x0000000741e00000, 0x0000000800000000)
  region size 2048K, 6 young (12288K), 0 survivors (0K)
 Metaspace       used 3235K, committed 3520K, reserved 1114112K
  class space    used 313K, committed 448K, reserved 1048576K
}
Event: 2.492 GC heap after
{Heap after GC invocations=1 (full 0):
 garbage-first heap   total 196608K, used 5756K [0x0000000741e00000, 0x0000000800000000)
  region size 2048K, 1 young (2048K), 1 survivors (2048K)
 Metaspace       used 3235K, committed 3520K, reserved 1114112K
  class space    used 313K, committed 448K, reserved 1048576K
}
Event: 3.138 GC heap before
{Heap before GC invocations=1 (full 0):
 garbage-first heap   total 196608K, used 13948K [0x0000000741e00000, 0x0000000800000000)
  region size 2048K, 5 young (10240K), 1 survivors (2048K)
 Metaspace       used 5281K, committed 5568K, reserved 1114112K
  class space    used 584K, committed 704K, reserved 1048576K
}
Event: 3.141 GC heap after
{Heap after GC invocations=2 (full 0):
 garbage-first heap   total 196608K, used 6240K [0x0000000741e00000, 0x0000000800000000)
  region size 2048K, 1 young (2048K), 1 survivors (2048K)
 Metaspace       used 5281K, committed 5568K, reserved 1114112K
  class space    used 584K, committed 704K, reserved 1048576K
}
Event: 4.921 GC heap before
{Heap before GC invocations=2 (full 0):
 garbage-first heap   total 196608K, used 36960K [0x0000000741e00000, 0x0000000800000000)
  region size 2048K, 17 young (34816K), 1 survivors (2048K)
 Metaspace       used 14209K, committed 14464K, reserved 1114112K
  class space    used 1856K, committed 1984K, reserved 1048576K
}
Event: 4.928 GC heap after
{Heap after GC invocations=3 (full 0):
 garbage-first heap   total 196608K, used 8852K [0x0000000741e00000, 0x0000000800000000)
  region size 2048K, 2 young (4096K), 2 survivors (4096K)
 Metaspace       used 14209K, committed 14464K, reserved 1114112K
  class space    used 1856K, committed 1984K, reserved 1048576K
}

Dll operation events (13 events):
Event: 0.019 Loaded shared library C:\Users\Eduardo\.jdks\openjdk-21.0.1\bin\java.dll
Event: 0.103 Loaded shared library C:\Users\Eduardo\.jdks\openjdk-21.0.1\bin\jsvml.dll
Event: 0.702 Loaded shared library C:\Users\Eduardo\.jdks\openjdk-21.0.1\bin\zip.dll
Event: 0.719 Loaded shared library C:\Users\Eduardo\.jdks\openjdk-21.0.1\bin\instrument.dll
Event: 0.774 Loaded shared library C:\Users\Eduardo\.jdks\openjdk-21.0.1\bin\net.dll
Event: 0.781 Loaded shared library C:\Users\Eduardo\.jdks\openjdk-21.0.1\bin\nio.dll
Event: 0.791 Loaded shared library C:\Users\Eduardo\.jdks\openjdk-21.0.1\bin\zip.dll
Event: 1.157 Loaded shared library C:\Program Files\JetBrains\IntelliJ IDEA Community Edition 2022.3.3\bin\breakgen64.dll
Event: 1.335 Loaded shared library C:\Users\Eduardo\.jdks\openjdk-21.0.1\bin\jimage.dll
Event: 1.338 Loaded shared library C:\Users\Eduardo\.jdks\openjdk-21.0.1\bin\extnet.dll
Event: 2.796 Loaded shared library C:\Users\Eduardo\.jdks\openjdk-21.0.1\bin\management.dll
Event: 2.801 Loaded shared library C:\Users\Eduardo\.jdks\openjdk-21.0.1\bin\management_ext.dll
Event: 4.341 Loaded shared library C:\Users\Eduardo\.jdks\openjdk-21.0.1\bin\verify.dll

Deoptimization events (20 events):
Event: 5.856 Thread 0x0000025feecefdd0 Uncommon trap: trap_request=0xffffffde fr.pc=0x0000025f9b560a1c relative=0x00000000000005dc
Event: 5.856 Thread 0x0000025feecefdd0 Uncommon trap: reason=class_check action=maybe_recompile pc=0x0000025f9b560a1c method=java.util.regex.Pattern$Start.match(Ljava/util/regex/Matcher;ILjava/lang/CharSequence;)Z @ 44 c2
Event: 5.856 Thread 0x0000025feecefdd0 DEOPT PACKING pc=0x0000025f9b560a1c sp=0x000000b33b5fdf60
Event: 5.856 Thread 0x0000025feecefdd0 DEOPT UNPACKING pc=0x0000025f9af446a2 sp=0x000000b33b5fdeb0 mode 2
Event: 5.856 Thread 0x0000025feecefdd0 Uncommon trap: trap_request=0xffffffde fr.pc=0x0000025f9b560a1c relative=0x00000000000005dc
Event: 5.856 Thread 0x0000025feecefdd0 Uncommon trap: reason=class_check action=maybe_recompile pc=0x0000025f9b560a1c method=java.util.regex.Pattern$Start.match(Ljava/util/regex/Matcher;ILjava/lang/CharSequence;)Z @ 44 c2
Event: 5.856 Thread 0x0000025feecefdd0 DEOPT PACKING pc=0x0000025f9b560a1c sp=0x000000b33b5fdf60
Event: 5.856 Thread 0x0000025feecefdd0 DEOPT UNPACKING pc=0x0000025f9af446a2 sp=0x000000b33b5fdeb0 mode 2
Event: 5.862 Thread 0x0000025fee55ca30 Uncommon trap: trap_request=0xffffff45 fr.pc=0x0000025f9b50b2ac relative=0x0000000000000a6c
Event: 5.862 Thread 0x0000025fee55ca30 Uncommon trap: reason=unstable_if action=reinterpret pc=0x0000025f9b50b2ac method=jdk.internal.org.objectweb.asm.SymbolTable.put(Ljdk/internal/org/objectweb/asm/SymbolTable$Entry;)Ljdk/internal/org/objectweb/asm/SymbolTable$Entry; @ 13 c2
Event: 5.862 Thread 0x0000025fee55ca30 DEOPT PACKING pc=0x0000025f9b50b2ac sp=0x000000b33b3fccf0
Event: 5.862 Thread 0x0000025fee55ca30 DEOPT UNPACKING pc=0x0000025f9af446a2 sp=0x000000b33b3fcc28 mode 2
Event: 5.920 Thread 0x0000025fa89e50d0 Uncommon trap: trap_request=0xffffff45 fr.pc=0x0000025f9b560c50 relative=0x0000000000000810
Event: 5.920 Thread 0x0000025fa89e50d0 Uncommon trap: reason=unstable_if action=reinterpret pc=0x0000025f9b560c50 method=java.util.regex.Pattern$BmpCharPropertyGreedy.match(Ljava/util/regex/Matcher;ILjava/lang/CharSequence;)Z @ 12 c2
Event: 5.920 Thread 0x0000025fa89e50d0 DEOPT PACKING pc=0x0000025f9b560c50 sp=0x000000b33a7fe760
Event: 5.920 Thread 0x0000025fa89e50d0 DEOPT UNPACKING pc=0x0000025f9af446a2 sp=0x000000b33a7fe638 mode 2
Event: 6.143 Thread 0x0000025fee55ca30 Uncommon trap: trap_request=0xffffffc6 fr.pc=0x0000025f9b53a2fc relative=0x000000000000039c
Event: 6.143 Thread 0x0000025fee55ca30 Uncommon trap: reason=bimorphic_or_optimized_type_check action=maybe_recompile pc=0x0000025f9b53a2fc method=java.util.HashMap.getNode(Ljava/lang/Object;)Ljava/util/HashMap$Node; @ 128 c2
Event: 6.143 Thread 0x0000025fee55ca30 DEOPT PACKING pc=0x0000025f9b53a2fc sp=0x000000b33b3fe700
Event: 6.143 Thread 0x0000025fee55ca30 DEOPT UNPACKING pc=0x0000025f9af446a2 sp=0x000000b33b3fe628 mode 2

Classes loaded (20 events):
Event: 5.920 Loading class sun/util/resources/cldr/TimeZoneNames
Event: 5.920 Loading class sun/util/resources/TimeZoneNamesBundle
Event: 5.920 Loading class sun/util/resources/OpenListResourceBundle
Event: 5.920 Loading class sun/util/resources/OpenListResourceBundle done
Event: 5.920 Loading class sun/util/resources/TimeZoneNamesBundle done
Event: 5.920 Loading class sun/util/resources/cldr/TimeZoneNames done
Event: 5.921 Loading class sun/util/resources/cldr/TimeZoneNames_en
Event: 5.922 Loading class sun/util/resources/cldr/TimeZoneNames_en done
Event: 5.922 Loading class sun/util/resources/cldr/TimeZoneNames_en_US
Event: 5.922 Loading class sun/util/resources/cldr/TimeZoneNames_en_US done
Event: 5.924 Loading class sun/util/cldr/CLDRBaseLocaleDataMetaInfo$TZCanonicalIDMapHolder
Event: 5.925 Loading class sun/util/cldr/CLDRBaseLocaleDataMetaInfo$TZCanonicalIDMapHolder done
Event: 5.928 Loading class sun/util/resources/TimeZoneNames
Event: 5.929 Loading class sun/util/resources/TimeZoneNames done
Event: 5.929 Loading class sun/util/resources/TimeZoneNames_en
Event: 5.930 Loading class sun/util/resources/TimeZoneNames_en done
Event: 6.354 Loading class java/beans/PropertyVetoException
Event: 6.354 Loading class java/beans/PropertyVetoException done
Event: 6.541 Loading class java/nio/charset/CharacterCodingException
Event: 6.541 Loading class java/nio/charset/CharacterCodingException done

Classes unloaded (0 events):
No events

Classes redefined (0 events):
No events

Internal exceptions (20 events):
Event: 3.956 Thread 0x0000025fee55ca30 Exception <a 'java/lang/NoSuchMethodError'{0x000000074d03c120}: 'java.lang.Object java.lang.invoke.DirectMethodHandle$Holder.invokeStatic(java.lang.Object, long, java.lang.Object)'> (0x000000074d03c120) 
thrown [s\open\src\hotspot\share\interpreter\linkResolver.cpp, line 773]
Event: 3.957 Thread 0x0000025fee55ca30 Exception <a 'java/lang/NoSuchMethodError'{0x000000074d03f778}: 'java.lang.Object java.lang.invoke.DirectMethodHandle$Holder.invokeStaticInit(java.lang.Object, long, java.lang.Object)'> (0x000000074d03f778) 
thrown [s\open\src\hotspot\share\interpreter\linkResolver.cpp, line 773]
Event: 3.958 Thread 0x0000025fee55ca30 Exception <a 'java/lang/NoSuchMethodError'{0x000000074d045128}: 'java.lang.Object java.lang.invoke.DirectMethodHandle$Holder.newInvokeSpecial(java.lang.Object, long)'> (0x000000074d045128) 
thrown [s\open\src\hotspot\share\interpreter\linkResolver.cpp, line 773]
Event: 4.001 Thread 0x0000025fee55ca30 Exception <a 'java/lang/NoSuchMethodError'{0x000000074d08c2e8}: 'void java.lang.invoke.DirectMethodHandle$Holder.invokeVirtual(java.lang.Object, java.lang.Object, java.lang.Object, java.lang.Object)'> (0x000000074d08c2e8) 
thrown [s\open\src\hotspot\share\interpreter\linkResolver.cpp, line 773]
Event: 4.109 Thread 0x0000025fee55ca30 Exception <a 'java/lang/NoSuchMethodError'{0x000000074d1b2c70}: 'void java.lang.invoke.DirectMethodHandle$Holder.invokeSpecial(java.lang.Object, java.lang.Object, java.lang.Object, java.lang.Object, java.lang.Object)'> (0x000000074d1b2c70) 
thrown [s\open\src\hotspot\share\interpreter\linkResolver.cpp, line 773]
Event: 4.126 Thread 0x0000025fee55ca30 Exception <a 'java/lang/IncompatibleClassChangeError'{0x000000074d1dbea0}: Found class java.lang.Object, but interface was expected> (0x000000074d1dbea0) 
thrown [s\open\src\hotspot\share\interpreter\linkResolver.cpp, line 840]
Event: 4.138 Thread 0x0000025fee55ca30 Exception <a 'java/lang/NoSuchMethodError'{0x000000074d1efc40}: 'java.lang.Object java.lang.invoke.DirectMethodHandle$Holder.invokeStaticInit(java.lang.Object, int)'> (0x000000074d1efc40) 
thrown [s\open\src\hotspot\share\interpreter\linkResolver.cpp, line 773]
Event: 4.152 Thread 0x0000025fee55ca30 Exception <a 'java/lang/NoSuchMethodError'{0x000000074d1f9fd8}: 'java.lang.Object java.lang.invoke.DirectMethodHandle$Holder.invokeStatic(java.lang.Object, int, java.lang.Object)'> (0x000000074d1f9fd8) 
thrown [s\open\src\hotspot\share\interpreter\linkResolver.cpp, line 773]
Event: 4.152 Thread 0x0000025fee55ca30 Exception <a 'java/lang/NoSuchMethodError'{0x000000074d1fd898}: 'java.lang.Object java.lang.invoke.DirectMethodHandle$Holder.invokeStaticInit(java.lang.Object, int, java.lang.Object)'> (0x000000074d1fd898) 
thrown [s\open\src\hotspot\share\interpreter\linkResolver.cpp, line 773]
Event: 4.409 Thread 0x0000025fee55ca30 Exception <a 'java/lang/NoSuchMethodError'{0x000000074c9657c0}: 'int java.lang.invoke.Invokers$Holder.invokeExact_MT(java.lang.Object, java.lang.Object)'> (0x000000074c9657c0) 
thrown [s\open\src\hotspot\share\interpreter\linkResolver.cpp, line 773]
Event: 4.871 Thread 0x0000025fee55ca30 Exception <a 'java/lang/NoSuchMethodError'{0x000000074bc63ee8}: 'int java.lang.invoke.DirectMethodHandle$Holder.invokeSpecial(java.lang.Object, java.lang.Object, java.lang.Object, java.lang.Object, java.lang.Object)'> (0x000000074bc63ee8) 
thrown [s\open\src\hotspot\share\interpreter\linkResolver.cpp, line 773]
Event: 4.876 Thread 0x0000025fee55ca30 Exception <a 'java/lang/NoSuchMethodError'{0x000000074bc9e0c8}: 'void java.lang.invoke.DirectMethodHandle$Holder.invokeVirtual(java.lang.Object, java.lang.Object)'> (0x000000074bc9e0c8) 
thrown [s\open\src\hotspot\share\interpreter\linkResolver.cpp, line 773]
Event: 5.578 Thread 0x0000025fee55ca30 Exception <a 'java/lang/IncompatibleClassChangeError'{0x000000074cc10680}: Found class java.lang.Object, but interface was expected> (0x000000074cc10680) 
thrown [s\open\src\hotspot\share\interpreter\linkResolver.cpp, line 840]
Event: 5.723 Thread 0x0000025fee55ca30 Exception <a 'java/lang/NoSuchMethodError'{0x000000074cb0f3f8}: 'void java.lang.invoke.DirectMethodHandle$Holder.invokeInterface(java.lang.Object, java.lang.Object, java.lang.Object, java.lang.Object)'> (0x000000074cb0f3f8) 
thrown [s\open\src\hotspot\share\interpreter\linkResolver.cpp, line 773]
Event: 5.912 Thread 0x0000025feecefdd0 Exception <a 'java/lang/NoSuchMethodError'{0x000000074c664d90}: 'long java.lang.invoke.DirectMethodHandle$Holder.invokeSpecial(java.lang.Object, java.lang.Object)'> (0x000000074c664d90) 
thrown [s\open\src\hotspot\share\interpreter\linkResolver.cpp, line 773]
Event: 5.927 Thread 0x0000025feecefdd0 Exception <a 'java/lang/NoSuchMethodError'{0x000000074c743430}: 'long java.lang.invoke.DirectMethodHandle$Holder.invokeStatic(java.lang.Object, java.lang.Object)'> (0x000000074c743430) 
thrown [s\open\src\hotspot\share\interpreter\linkResolver.cpp, line 773]
Event: 5.928 Thread 0x0000025feecefdd0 Exception <a 'java/lang/NoSuchMethodError'{0x000000074c746798}: 'long java.lang.invoke.DirectMethodHandle$Holder.invokeStaticInit(java.lang.Object, java.lang.Object)'> (0x000000074c746798) 
thrown [s\open\src\hotspot\share\interpreter\linkResolver.cpp, line 773]
Event: 5.935 Thread 0x0000025feecefdd0 Exception <a 'java/lang/NoSuchMethodError'{0x000000074c7528e0}: 'long java.lang.invoke.DirectMethodHandle$Holder.invokeInterface(java.lang.Object, java.lang.Object)'> (0x000000074c7528e0) 
thrown [s\open\src\hotspot\share\interpreter\linkResolver.cpp, line 773]
Event: 5.936 Thread 0x0000025feecefdd0 Exception <a 'java/lang/IncompatibleClassChangeError'{0x000000074c755b90}: Found class java.lang.Object, but interface was expected> (0x000000074c755b90) 
thrown [s\open\src\hotspot\share\interpreter\linkResolver.cpp, line 840]
Event: 6.005 Thread 0x0000025feecefdd0 Exception <a 'java/lang/NoSuchMethodError'{0x000000074c7b8c00}: 'java.lang.Object java.lang.invoke.DirectMethodHandle$Holder.invokeVirtual(java.lang.Object, java.lang.Object, java.lang.Object, java.lang.Object)'> (0x000000074c7b8c00) 
thrown [s\open\src\hotspot\share\interpreter\linkResolver.cpp, line 773]

ZGC Phase Switch (0 events):
No events

VM Operations (20 events):
Event: 4.088 Executing VM operation: HandshakeAllThreads (Deoptimize)
Event: 4.088 Executing VM operation: HandshakeAllThreads (Deoptimize) done
Event: 4.100 Executing VM operation: HandshakeAllThreads (Deoptimize)
Event: 4.100 Executing VM operation: HandshakeAllThreads (Deoptimize) done
Event: 4.100 Executing VM operation: HandshakeAllThreads (Deoptimize)
Event: 4.100 Executing VM operation: HandshakeAllThreads (Deoptimize) done
Event: 4.392 Executing VM operation: HandshakeAllThreads (Deoptimize)
Event: 4.393 Executing VM operation: HandshakeAllThreads (Deoptimize) done
Event: 4.393 Executing VM operation: Cleanup
Event: 4.393 Executing VM operation: Cleanup done
Event: 4.705 Executing VM operation: HandshakeAllThreads (Deoptimize)
Event: 4.705 Executing VM operation: HandshakeAllThreads (Deoptimize) done
Event: 4.827 Executing VM operation: HandshakeAllThreads (Deoptimize)
Event: 4.827 Executing VM operation: HandshakeAllThreads (Deoptimize) done
Event: 4.920 Executing VM operation: G1CollectForAllocation (G1 Evacuation Pause)
Event: 4.928 Executing VM operation: G1CollectForAllocation (G1 Evacuation Pause) done
Event: 5.355 Executing VM operation: HandshakeAllThreads (Deoptimize)
Event: 5.355 Executing VM operation: HandshakeAllThreads (Deoptimize) done
Event: 6.228 Executing VM operation: ICBufferFull
Event: 6.229 Executing VM operation: ICBufferFull done

Events (19 events):
Event: 0.053 Thread 0x0000025f8b56ecb0 Thread added: 0x0000025f8b56ecb0
Event: 0.093 Thread 0x0000025fa89de8c0 Thread added: 0x0000025fa89de8c0
Event: 0.094 Thread 0x0000025fa89e1850 Thread added: 0x0000025fa89e1850
Event: 0.094 Thread 0x0000025fa89e2660 Thread added: 0x0000025fa89e2660
Event: 0.094 Thread 0x0000025fa89e50d0 Thread added: 0x0000025fa89e50d0
Event: 0.095 Thread 0x0000025fa89e5b30 Thread added: 0x0000025fa89e5b30
Event: 0.095 Thread 0x0000025fa89e6590 Thread added: 0x0000025fa89e6590
Event: 0.095 Thread 0x0000025fa89e7320 Thread added: 0x0000025fa89e7320
Event: 0.098 Thread 0x0000025fa89eade0 Thread added: 0x0000025fa89eade0
Event: 0.555 Thread 0x0000025fa89abb20 Thread added: 0x0000025fa89abb20
Event: 1.160 Thread 0x0000025fa8f9d680 Thread added: 0x0000025fa8f9d680
Event: 1.160 Thread 0x0000025fee0d7570 Thread added: 0x0000025fee0d7570
Event: 2.973 Thread 0x0000025fee609240 Thread added: 0x0000025fee609240
Event: 2.980 Thread 0x0000025fee55ca30 Thread added: 0x0000025fee55ca30
Event: 3.824 Thread 0x0000025feeb67240 Thread added: 0x0000025feeb67240
Event: 4.118 Thread 0x0000025feecefdd0 Thread added: 0x0000025feecefdd0
Event: 5.223 Thread 0x0000025fef4b3cf0 Thread added: 0x0000025fef4b3cf0
Event: 5.511 Thread 0x0000025fef4b3cf0 Thread exited: 0x0000025fef4b3cf0
Event: 6.009 Thread 0x0000025feecefdd0 Thread exited: 0x0000025feecefdd0


Dynamic libraries:
0x00007ff723200000 - 0x00007ff72320e000 	C:\Users\Eduardo\.jdks\openjdk-21.0.1\bin\java.exe
0x00007ffcb5f70000 - 0x00007ffcb6168000 	C:\WINDOWS\SYSTEM32\ntdll.dll
0x00007ffcb5e60000 - 0x00007ffcb5f1d000 	C:\WINDOWS\System32\KERNEL32.DLL
0x00007ffcb3650000 - 0x00007ffcb3946000 	C:\WINDOWS\System32\KERNELBASE.dll
0x00007ffcb3b20000 - 0x00007ffcb3c20000 	C:\WINDOWS\System32\ucrtbase.dll
0x00007ffca1970000 - 0x00007ffca1988000 	C:\Users\Eduardo\.jdks\openjdk-21.0.1\bin\jli.dll
0x00007ffc9d590000 - 0x00007ffc9d5ab000 	C:\Users\Eduardo\.jdks\openjdk-21.0.1\bin\VCRUNTIME140.dll
0x00007ffcb5830000 - 0x00007ffcb59ce000 	C:\WINDOWS\System32\USER32.dll
0x00007ffcb3980000 - 0x00007ffcb39a2000 	C:\WINDOWS\System32\win32u.dll
0x00007ffcb4c40000 - 0x00007ffcb4c6c000 	C:\WINDOWS\System32\GDI32.dll
0x00007ffcae440000 - 0x00007ffcae6da000 	C:\WINDOWS\WinSxS\amd64_microsoft.windows.common-controls_6595b64144ccf1df_6.0.19041.3636_none_60b6a03d71f818d5\COMCTL32.dll
0x00007ffcb3a00000 - 0x00007ffcb3b1a000 	C:\WINDOWS\System32\gdi32full.dll
0x00007ffcb3dd0000 - 0x00007ffcb3e6d000 	C:\WINDOWS\System32\msvcp_win.dll
0x00007ffcb5b90000 - 0x00007ffcb5c2e000 	C:\WINDOWS\System32\msvcrt.dll
0x00007ffcb4c10000 - 0x00007ffcb4c40000 	C:\WINDOWS\System32\IMM32.DLL
0x00007ffca66a0000 - 0x00007ffca66ac000 	C:\Users\Eduardo\.jdks\openjdk-21.0.1\bin\vcruntime140_1.dll
0x00007ffc86a70000 - 0x00007ffc86afe000 	C:\Users\Eduardo\.jdks\openjdk-21.0.1\bin\msvcp140.dll
0x00007ffc5d760000 - 0x00007ffc5e475000 	C:\Users\Eduardo\.jdks\openjdk-21.0.1\bin\server\jvm.dll
0x00007ffcb4f90000 - 0x00007ffcb503f000 	C:\WINDOWS\System32\ADVAPI32.dll
0x00007ffcb5040000 - 0x00007ffcb50dc000 	C:\WINDOWS\System32\sechost.dll
0x00007ffcb4690000 - 0x00007ffcb47b6000 	C:\WINDOWS\System32\RPCRT4.dll
0x00007ffcb5c50000 - 0x00007ffcb5cbb000 	C:\WINDOWS\System32\WS2_32.dll
0x00007ffcb2c10000 - 0x00007ffcb2c5b000 	C:\WINDOWS\SYSTEM32\POWRPROF.dll
0x00007ffca53a0000 - 0x00007ffca53c7000 	C:\WINDOWS\SYSTEM32\WINMM.dll
0x00007ffcac660000 - 0x00007ffcac66a000 	C:\WINDOWS\SYSTEM32\VERSION.dll
0x00007ffcb2a70000 - 0x00007ffcb2a82000 	C:\WINDOWS\SYSTEM32\UMPDC.dll
0x00007ffcb1430000 - 0x00007ffcb1442000 	C:\WINDOWS\SYSTEM32\kernel.appcore.dll
0x00007ffca62f0000 - 0x00007ffca62fa000 	C:\Users\Eduardo\.jdks\openjdk-21.0.1\bin\jimage.dll
0x00007ffca51b0000 - 0x00007ffca5394000 	C:\WINDOWS\SYSTEM32\DBGHELP.DLL
0x00007ffc9dc30000 - 0x00007ffc9dc64000 	C:\WINDOWS\SYSTEM32\dbgcore.DLL
0x00007ffcb3c20000 - 0x00007ffcb3ca2000 	C:\WINDOWS\System32\bcryptPrimitives.dll
0x00007ffcb0f00000 - 0x00007ffcb0f0f000 	C:\Users\Eduardo\.jdks\openjdk-21.0.1\bin\instrument.dll
0x00007ffc98410000 - 0x00007ffc9842f000 	C:\Users\Eduardo\.jdks\openjdk-21.0.1\bin\java.dll
0x00007ffcb50e0000 - 0x00007ffcb5824000 	C:\WINDOWS\System32\SHELL32.dll
0x00007ffcb1710000 - 0x00007ffcb1eab000 	C:\WINDOWS\SYSTEM32\windows.storage.dll
0x00007ffcb48b0000 - 0x00007ffcb4c04000 	C:\WINDOWS\System32\combase.dll
0x00007ffcb3090000 - 0x00007ffcb30bd000 	C:\WINDOWS\SYSTEM32\Wldp.dll
0x00007ffcb4160000 - 0x00007ffcb420d000 	C:\WINDOWS\System32\SHCORE.dll
0x00007ffcb4c70000 - 0x00007ffcb4cc5000 	C:\WINDOWS\System32\shlwapi.dll
0x00007ffcb3580000 - 0x00007ffcb35a5000 	C:\WINDOWS\SYSTEM32\profapi.dll
0x00007ffc705b0000 - 0x00007ffc70687000 	C:\Users\Eduardo\.jdks\openjdk-21.0.1\bin\jsvml.dll
0x00007ffc97e70000 - 0x00007ffc97e88000 	C:\Users\Eduardo\.jdks\openjdk-21.0.1\bin\zip.dll
0x00007ffca47a0000 - 0x00007ffca47b0000 	C:\Users\Eduardo\.jdks\openjdk-21.0.1\bin\net.dll
0x00007ffcaaf60000 - 0x00007ffcab06a000 	C:\WINDOWS\SYSTEM32\WINHTTP.dll
0x00007ffcb2df0000 - 0x00007ffcb2e5a000 	C:\WINDOWS\system32\mswsock.dll
0x00007ffc981d0000 - 0x00007ffc981e6000 	C:\Users\Eduardo\.jdks\openjdk-21.0.1\bin\nio.dll
0x00007ffcabce0000 - 0x00007ffcabcfa000 	C:\Program Files\JetBrains\IntelliJ IDEA Community Edition 2022.3.3\bin\breakgen64.dll
0x00007ffca3c70000 - 0x00007ffca3c77000 	C:\Users\Eduardo\.jdks\openjdk-21.0.1\bin\extnet.dll
0x00007ffcaa100000 - 0x00007ffcaa10a000 	C:\Users\Eduardo\.jdks\openjdk-21.0.1\bin\management.dll
0x00007ffca75e0000 - 0x00007ffca75eb000 	C:\Users\Eduardo\.jdks\openjdk-21.0.1\bin\management_ext.dll
0x00007ffcb59d0000 - 0x00007ffcb59d8000 	C:\WINDOWS\System32\PSAPI.DLL
0x00007ffca1530000 - 0x00007ffca1540000 	C:\Users\Eduardo\.jdks\openjdk-21.0.1\bin\verify.dll

dbghelp: loaded successfully - version: 4.0.5 - missing functions: none
symbol engine: initialized successfully - sym options: 0x614 - pdb path: .;C:\Users\Eduardo\.jdks\openjdk-21.0.1\bin;C:\WINDOWS\SYSTEM32;C:\WINDOWS\WinSxS\amd64_microsoft.windows.common-controls_6595b64144ccf1df_6.0.19041.3636_none_60b6a03d71f818d5;C:\Users\Eduardo\.jdks\openjdk-21.0.1\bin\server;C:\Program Files\JetBrains\IntelliJ IDEA Community Edition 2022.3.3\bin

VM Arguments:
jvm_args: -javaagent:C:\Program Files\JetBrains\IntelliJ IDEA Community Edition 2022.3.3\lib\idea_rt.jar=60776:C:\Program Files\JetBrains\IntelliJ IDEA Community Edition 2022.3.3\bin -Dfile.encoding=UTF-8 -Dsun.stdout.encoding=UTF-8 -Dsun.stderr.encoding=UTF-8 
java_command: med.voll.api.ApiApplication
java_class_path (initial): C:\Users\Eduardo\Downloads\api\api\target\classes;C:\Users\Eduardo\.m2\repository\org\springframework\boot\spring-boot-starter-web\3.0.12\spring-boot-starter-web-3.0.12.jar;C:\Users\Eduardo\.m2\repository\org\springframework\boot\spring-boot-starter\3.0.12\spring-boot-starter-3.0.12.jar;C:\Users\Eduardo\.m2\repository\org\springframework\boot\spring-boot-starter-logging\3.0.12\spring-boot-starter-logging-3.0.12.jar;C:\Users\Eduardo\.m2\repository\ch\qos\logback\logback-classic\1.4.11\logback-classic-1.4.11.jar;C:\Users\Eduardo\.m2\repository\ch\qos\logback\logback-core\1.4.11\logback-core-1.4.11.jar;C:\Users\Eduardo\.m2\repository\org\apache\logging\log4j\log4j-to-slf4j\2.19.0\log4j-to-slf4j-2.19.0.jar;C:\Users\Eduardo\.m2\repository\org\apache\logging\log4j\log4j-api\2.19.0\log4j-api-2.19.0.jar;C:\Users\Eduardo\.m2\repository\org\slf4j\jul-to-slf4j\2.0.9\jul-to-slf4j-2.0.9.jar;C:\Users\Eduardo\.m2\repository\jakarta\annotation\jakarta.annotation-api\2.1.1\jakarta.annotation-api-2.1.1.jar;C:\Users\Eduardo\.m2\repository\org\yaml\snakeyaml\1.33\snakeyaml-1.33.jar;C:\Users\Eduardo\.m2\repository\org\springframework\boot\spring-boot-starter-json\3.0.12\spring-boot-starter-json-3.0.12.jar;C:\Users\Eduardo\.m2\repository\com\fasterxml\jackson\core\jackson-databind\2.14.3\jackson-databind-2.14.3.jar;C:\Users\Eduardo\.m2\repository\com\fasterxml\jackson\core\jackson-annotations\2.14.3\jackson-annotations-2.14.3.jar;C:\Users\Eduardo\.m2\repository\com\fasterxml\jackson\core\jackson-core\2.14.3\jackson-core-2.14.3.jar;C:\Users\Eduardo\.m2\repository\com\fasterxml\jackson\datatype\jackson-datatype-jdk8\2.14.3\jackson-datatype-jdk8-2.14.3.jar;C:\Users\Eduardo\.m2\repository\com\fasterxml\jackson\datatype\jackson-datatype-jsr310\2.14.3\jackson-datatype-jsr310-2.14.3.jar;C:\Users\Eduardo\.m2\repository\com\fasterxml\jackson\module\jackson-module-parameter-names\2.14.3\jackson-module-parameter-names-2.14.3.jar;C:\Users\Eduardo\.m2\repository\org\springframework\boot\spring-boot-starter-tomcat\3.0.12\spring-boot-starter-tomcat-3.0.12.jar;C:\Users\Eduardo\.m2\repository\org\apache\tomcat\embed\tomcat-embed-core\10.1.15\tomcat-embed-core-10.1.15.jar;C:\Users\Eduardo\.m2\repository\org\apache\tomcat\embed\tomcat-embed-websocket\10.1.15\tomcat-embed-websocket-10.1.15.jar;C:\Users\Eduardo\.m2\repository\org\springframework\spring-web\6.0.13\spring-web-6.0.13.jar;C:\Users\Eduardo\.m2\repository\org\springframework\spring-beans\6.0.13\spring-beans-6.0.13.jar;C:\Users\Eduardo\.m2\repository\io\micrometer\micrometer-observation\1.10.12\micrometer-observation-1.10.12.jar;C:\Users\Eduardo\.m2\repository\io\micrometer\micrometer-commons\1.10.12\micrometer-commons-1.10.12.jar;C:\Users\Eduardo\.m2\repository\org\springframework\spring-webmvc\6.0.13\spring-webmvc-6.0.13.jar;C:\Users\Eduardo\.m2\repository\org\springframework\spring-aop\6.0.13\spring-aop-6.0.13.jar;C:\Users\Eduardo\.m2\repository\org\springframework\spring-context\6.0.13\spring-context-6.0.13.jar;C:\Users\Eduardo\.m2\repository\org\springframework\spring-expression\6.0.13\spring-expression-6.0.13.jar;C:\Users\Eduardo\.m2\repository\org\springframework\boot\spring-boot-devtools\3.0.12\spring-boot-devtools-3.0.12.jar;C:\Users\Eduardo\.m2\repository\org\springframework\boot\spring-boot\3.0.12\spring-boot-3.0.12.jar;C:\Users\Eduardo\.m2\repository\org\springframework\boot\spring-boot-autoconfigure\3.0.12\spring-boot-autoconfigure-3.0.12.jar;C:\Users\Eduardo\.m2\repository\org\projectlombok\lombok\1.18.30\lombok-1.18.30.jar;C:\Users\Eduardo\.m2\repository\org\slf4j\slf4j-api\2.0.9\slf4j-api-2.0.9.jar;C:\Users\Eduardo\.m2\repository\jakarta\xml\bind\jakarta.xml.bind-api\4.0.1\jakarta.xml.bind-api-4.0.1.jar;C:\Users\Eduardo\.m2\repository\jakarta\activation\jakarta.activation-api\2.1.2\jakarta.activation-api-2.1.2.jar;C:\Users\Eduardo\.m2\repository\net\bytebuddy\byte-buddy\1.12.23\byte-buddy-1.12.23.jar;C:\Users\Eduardo\.m2\repository\org\springframework\spring-core\6.0.13\spring-core-6.0.13.jar;C:\Users\Eduardo\.m2\repository\org\springframework\spring-jcl\6.0.13\spring-jcl-6.0.13.jar;C:\Users\Eduardo\.m2\repository\org\springframework\boot\spring-boot-starter-data-jpa\3.0.12\spring-boot-starter-data-jpa-3.0.12.jar;C:\Users\Eduardo\.m2\repository\org\springframework\boot\spring-boot-starter-aop\3.0.12\spring-boot-starter-aop-3.0.12.jar;C:\Users\Eduardo\.m2\repository\org\aspectj\aspectjweaver\1.9.20\aspectjweaver-1.9.20.jar;C:\Users\Eduardo\.m2\repository\org\springframework\boot\spring-boot-starter-jdbc\3.0.12\spring-boot-starter-jdbc-3.0.12.jar;C:\Users\Eduardo\.m2\repository\com\zaxxer\HikariCP\5.0.1\HikariCP-5.0.1.jar;C:\Users\Eduardo\.m2\repository\org\springframework\spring-jdbc\6.0.13\spring-jdbc-6.0.13.jar;C:\Users\Eduardo\.m2\repository\org\hibernate\orm\hibernate-core\6.1.7.Final\hibernate-core-6.1.7.Final.jar;C:\Users\Eduardo\.m2\repository\jakarta\persistence\jakarta.persistence-api\3.1.0\jakarta.persistence-api-3.1.0.jar;C:\Users\Eduardo\.m2\repository\jakarta\transaction\jakarta.transaction-api\2.0.1\jakarta.transaction-api-2.0.1.jar;C:\Users\Eduardo\.m2\repository\org\jboss\logging\jboss-logging\3.5.3.Final\jboss-logging-3.5.3.Final.jar;C:\Users\Eduardo\.m2\repository\org\hibernate\common\hibernate-commons-annotations\6.0.6.Final\hibernate-commons-annotations-6.0.6.Final.jar;C:\Users\Eduardo\.m2\repository\org\jboss\jandex\2.4.2.Final\jandex-2.4.2.Final.jar;C:\Users\Eduardo\.m2\repository\com\fasterxml\classmate\1.5.1\classmate-1.5.1.jar;C:\Users\Eduardo\.m2\repository\org\glassfish\jaxb\jaxb-runtime\4.0.3\jaxb-runtime-4.0.3.jar;C:\Users\Eduardo\.m2\repository\org\glassfish\jaxb\jaxb-core\4.0.3\jaxb-core-4.0.3.jar;C:\Users\Eduardo\.m2\repository\org\eclipse\angus\angus-activation\2.0.1\angus-activation-2.0.1.jar;C:\Users\Eduardo\.m2\repository\org\glassfish\jaxb\txw2\4.0.3\txw2-4.0.3.jar;C:\Users\Eduardo\.m2\repository\com\sun\istack\istack-commons-runtime\4.1.2\istack-commons-runtime-4.1.2.jar;C:\Users\Eduardo\.m2\repository\jakarta\inject\jakarta.inject-api\2.0.0\jakarta.inject-api-2.0.0.jar;C:\Users\Eduardo\.m2\repository\org\antlr\antlr4-runtime\4.10.1\antlr4-runtime-4.10.1.jar;C:\Users\Eduardo\.m2\repository\org\springframework\data\spring-data-jpa\3.0.11\spring-data-jpa-3.0.11.jar;C:\Users\Eduardo\.m2\repository\org\springframework\data\spring-data-commons\3.0.11\spring-data-commons-3.0.11.jar;C:\Users\Eduardo\.m2\repository\org\springframework\spring-orm\6.0.13\spring-orm-6.0.13.jar;C:\Users\Eduardo\.m2\repository\org\springframework\spring-tx\6.0.13\spring-tx-6.0.13.jar;C:\Users\Eduardo\.m2\repository\org\springframework\spring-aspects\6.0.13\spring-aspects-6.0.13.jar;C:\Users\Eduardo\.m2\repository\org\springframework\boot\spring-boot-starter-validation\3.0.12\spring-boot-starter-validation-3.0.12.jar;C:\Users\Eduardo\.m2\repository\org\apache\tomcat\embed\tomcat-embed-el\10.1.15\tomcat-embed-el-10.1.15.jar;C:\Users\Eduardo\.m2\repository\org\hibernate\validator\hibernate-validator\8.0.1.Final\hibernate-validator-8.0.1.Final.jar;C:\Users\Eduardo\.m2\repository\jakarta\validation\jakarta.validation-api\3.0.2\jakarta.validation-api-3.0.2.jar;C:\Users\Eduardo\.m2\repository\org\flywaydb\flyway-core\9.5.1\flyway-core-9.5.1.jar;C:\Users\Eduardo\.m2\repository\com\electronwill\night-config\toml\3.6.6\toml-3.6.6.jar;C:\Users\Eduardo\.m2\repository\com\electronwill\night-config\core\3.6.6\core-3.6.6.jar;C:\Users\Eduardo\.m2\repository\org\flywaydb\flyway-mysql\9.5.1\flyway-mysql-9.5.1.jar;C:\Users\Eduardo\.m2\repository\com\mysql\mysql-connector-j\8.0.33\mysql-connector-j-8.0.33.jar
Launcher Type: SUN_STANDARD

[Global flags]
     intx CICompilerCount                          = 3                                         {product} {ergonomic}
     uint ConcGCThreads                            = 1                                         {product} {ergonomic}
     uint G1ConcRefinementThreads                  = 4                                         {product} {ergonomic}
   size_t G1HeapRegionSize                         = 2097152                                   {product} {ergonomic}
    uintx GCDrainStackTargetSize                   = 64                                        {product} {ergonomic}
   size_t InitialHeapSize                          = 201326592                                 {product} {ergonomic}
   size_t MarkStackSize                            = 4194304                                   {product} {ergonomic}
   size_t MaxHeapSize                              = 3189768192                                {product} {ergonomic}
   size_t MaxNewSize                               = 1912602624                                {product} {ergonomic}
   size_t MinHeapDeltaBytes                        = 2097152                                   {product} {ergonomic}
   size_t MinHeapSize                              = 8388608                                   {product} {ergonomic}
    uintx NonNMethodCodeHeapSize                   = 5832780                                {pd product} {ergonomic}
    uintx NonProfiledCodeHeapSize                  = 122912730                              {pd product} {ergonomic}
    uintx ProfiledCodeHeapSize                     = 122912730                              {pd product} {ergonomic}
    uintx ReservedCodeCacheSize                    = 251658240                              {pd product} {ergonomic}
     bool SegmentedCodeCache                       = true                                      {product} {ergonomic}
   size_t SoftMaxHeapSize                          = 3189768192                             {manageable} {ergonomic}
     bool UseCompressedOops                        = true                           {product lp64_product} {ergonomic}
     bool UseG1GC                                  = true                                      {product} {ergonomic}
     bool UseLargePagesIndividualAllocation        = false                                  {pd product} {ergonomic}

Logging:
Log output configuration:
 #0: stdout all=warning uptime,level,tags foldmultilines=false
 #1: stderr all=off uptime,level,tags foldmultilines=false

Environment Variables:
PATH=C:\Program Files\Common Files\Oracle\Java\javapath;C:\Program Files (x86)\Intel\Intel(R) Management Engine Components\iCLS\;C:\Program Files\Intel\Intel(R) Management Engine Components\iCLS\;C:\WINDOWS\system32;C:\WINDOWS;C:\WINDOWS\System32\Wbem;C:\WINDOWS\System32\WindowsPowerShell\v1.0\;C:\WINDOWS\System32\OpenSSH\;C:\Program Files (x86)\Intel\Intel(R) Management Engine Components\DAL;C:\Program Files\Intel\Intel(R) Management Engine Components\DAL;C:\Program Files (x86)\Intel\Intel(R) Management Engine Components\IPT;C:\Program Files\Intel\Intel(R) Management Engine Components\IPT;C:\Program Files\nodejs\;C:\Program Files\Git\cmd;C:\Users\Eduardo\AppData\Local\Programs\Python\Python311\Scripts\;C:\Users\Eduardo\AppData\Local\Programs\Python\Python311\;C:\Users\Eduardo\AppData\Local\Programs\Python\Python38\Scripts\;C:\Users\Eduardo\AppData\Local\Programs\Python\Python38\;C:\Users\Eduardo\AppData\Local\Microsoft\WindowsApps;;C:\Users\Eduardo\AppData\Local\Programs\Microsoft VS Code\bin;C:\Program Files\heroku\bin;C:\Program Files\JetBrains\IntelliJ IDEA Community Edition 2022.3.3\bin;;C:\Users\Eduardo\AppData\Roaming\npm
USERNAME=Eduardo
OS=Windows_NT
PROCESSOR_IDENTIFIER=Intel64 Family 6 Model 78 Stepping 3, GenuineIntel
TMP=C:\Users\Eduardo\AppData\Local\Temp
TEMP=C:\Users\Eduardo\AppData\Local\Temp




Periodic native trim disabled

---------------  S Y S T E M  ---------------

OS:
 Windows 10 , 64 bit Build 19041 (10.0.19041.3636)
OS uptime: 7 days 11:30 hours

CPU: total 4 (initial active 4) (2 cores per cpu, 2 threads per core) family 6 model 78 stepping 3 microcode 0xcc, cx8, cmov, fxsr, ht, mmx, 3dnowpref, sse, sse2, sse3, ssse3, sse4.1, sse4.2, popcnt, lzcnt, tsc, tscinvbit, avx, avx2, aes, erms, clmul, bmi1, bmi2, adx, fma, vzeroupper, clflush, clflushopt, rdtscp, f16c
Processor Information for all 4 processors :
  Max Mhz: 1992, Current Mhz: 1992, Mhz Limit: 1992

Memory: 4k page, system-wide physical 12163M (3439M free)
TotalPageFile size 16163M (AvailPageFile size 1M)
current process WorkingSet (physical memory assigned to process): 146M, peak: 146M
current process commit charge ("private bytes"): 329M, peak: 330M

vm_info: OpenJDK 64-Bit Server VM (21.0.1+12-29) for windows-amd64 JRE (21.0.1+12-29), built on 2023-10-05T13:27:09Z by "mach5one" with MS VC++ 17.1 (VS2022)

END.
